build/app/intermediates/manifest_merge_blame_file/debug/manifest-merger-blame-debug-report.txt
1<?xml version="1.0" encoding="utf-8"?>
2<manifest xmlns:android="http://schemas.android.com/apk/res/android"
3    package="com.example.do_login"
4    android:versionCode="1"
5    android:versionName="1.0.0" >
6
7    <uses-sdk
8        android:minSdkVersion="16"
9        android:targetSdkVersion="31" />
10    <!--
11         Flutter needs it to communicate with the running application
12         to allow setting breakpoints, to provide hot reload, etc.
13    -->
14    <uses-permission android:name="android.permission.INTERNET" />
14-->src\debug\AndroidManifest.xml:6:5-66
14-->src\debug\AndroidManifest.xml:6:22-64
15    <uses-permission android:name="android.permission.ACCESS_NETWORK_STATE" />
15-->[:network_info_plus] AndroidManifest.xml:7:5-79
15-->[:network_info_plus] AndroidManifest.xml:7:22-76
16    <uses-permission android:name="android.permission.ACCESS_WIFI_STATE" />
16-->[:network_info_plus] AndroidManifest.xml:8:5-76
16-->[:network_info_plus] AndroidManifest.xml:8:22-73
17    <uses-permission android:name="android.permission.CAMERA" />
17-->[:flutter_barcode_scanner] AndroidManifest.xml:9:5-65
17-->[:flutter_barcode_scanner] AndroidManifest.xml:9:22-62
18
19    <uses-feature android:name="android.hardware.camera" />
19-->[:flutter_barcode_scanner] AndroidManifest.xml:11:5-60
19-->[:flutter_barcode_scanner] AndroidManifest.xml:11:19-57
20
21    <uses-permission android:name="android.permission.FLASHLIGHT" />
21-->[:flutter_barcode_scanner] AndroidManifest.xml:13:5-69
21-->[:flutter_barcode_scanner] AndroidManifest.xml:13:22-66
22
23    <application
24        android:name="android.app.Application"
25        android:appComponentFactory="androidx.core.app.CoreComponentFactory"
25-->[androidx.core:core:1.6.0] AndroidManifest.xml:24:18-86
26        android:debuggable="true"
27        android:icon="@mipmap/launcher_icon"
28        android:label="Dynamic Temperature"
29        android:largeHeap="true"
29-->[:flutter_barcode_scanner] AndroidManifest.xml:16:9-33
30        android:theme="@style/Theme.AppCompat.NoActionBar" >
30-->[:flutter_barcode_scanner] AndroidManifest.xml:17:9-59
31        <activity
32            android:name="com.example.do_login.MainActivity"
33            android:configChanges="orientation|keyboardHidden|keyboard|screenSize|smallestScreenSize|locale|layoutDirection|fontScale|screenLayout|density|uiMode"
34            android:exported="true"
35            android:hardwareAccelerated="true"
36            android:launchMode="singleTop"
37            android:theme="@style/LaunchTheme"
38            android:windowSoftInputMode="adjustResize" >
39
40            <!--
41                 Specifies an Android theme to apply to this Activity as soon as
42                 the Android process has started. This theme is visible to the user
43                 while the Flutter UI initializes. After that, this theme continues
44                 to determine the Window background behind the Flutter UI.
45            -->
46            <meta-data
47                android:name="io.flutter.embedding.android.NormalTheme"
48                android:resource="@style/NormalTheme" />
49
50            <intent-filter>
51                <action android:name="android.intent.action.MAIN" />
52
53                <category android:name="android.intent.category.LAUNCHER" />
54            </intent-filter>
55        </activity>
56        <!--
57             Don't delete the meta-data below.
58             This is used by the Flutter tool to generate GeneratedPluginRegistrant.java
59        -->
60        <meta-data
61            android:name="flutterEmbedding"
62            android:value="2" />
63
64        <service
64-->[:firebase_auth] AndroidManifest.xml:8:9-12:19
65            android:name="com.google.firebase.components.ComponentDiscoveryService"
65-->[:firebase_auth] AndroidManifest.xml:8:18-89
66            android:directBootAware="true"
66-->[com.google.firebase:firebase-common:20.0.0] AndroidManifest.xml:35:13-43
67            android:exported="false" >
67-->[com.google.firebase:firebase-auth:21.0.1] AndroidManifest.xml:76:13-37
68            <meta-data
68-->[:firebase_auth] AndroidManifest.xml:9:13-11:85
69                android:name="com.google.firebase.components:io.flutter.plugins.firebase.auth.FlutterFirebaseAuthRegistrar"
69-->[:firebase_auth] AndroidManifest.xml:10:17-124
70                android:value="com.google.firebase.components.ComponentRegistrar" />
70-->[:firebase_auth] AndroidManifest.xml:11:17-82
71            <meta-data
71-->[:firebase_core] AndroidManifest.xml:9:13-11:85
72                android:name="com.google.firebase.components:io.flutter.plugins.firebase.core.FlutterFirebaseCoreRegistrar"
72-->[:firebase_core] AndroidManifest.xml:10:17-124
73                android:value="com.google.firebase.components.ComponentRegistrar" />
73-->[:firebase_core] AndroidManifest.xml:11:17-82
74            <meta-data
74-->[com.google.firebase:firebase-auth:21.0.1] AndroidManifest.xml:77:13-79:85
75                android:name="com.google.firebase.components:com.google.firebase.auth.FirebaseAuthRegistrar"
75-->[com.google.firebase:firebase-auth:21.0.1] AndroidManifest.xml:78:17-109
76                android:value="com.google.firebase.components.ComponentRegistrar" />
76-->[com.google.firebase:firebase-auth:21.0.1] AndroidManifest.xml:79:17-82
77        </service>
78
79        <activity android:name="com.amolg.flutterbarcodescanner.BarcodeCaptureActivity" />
79-->[:flutter_barcode_scanner] AndroidManifest.xml:18:9-91
79-->[:flutter_barcode_scanner] AndroidManifest.xml:18:19-88
80        <activity
80-->[com.google.firebase:firebase-auth:21.0.1] AndroidManifest.xml:27:9-44:20
81            android:name="com.google.firebase.auth.internal.GenericIdpActivity"
81-->[com.google.firebase:firebase-auth:21.0.1] AndroidManifest.xml:28:13-80
82            android:excludeFromRecents="true"
82-->[com.google.firebase:firebase-auth:21.0.1] AndroidManifest.xml:29:13-46
83            android:exported="true"
83-->[com.google.firebase:firebase-auth:21.0.1] AndroidManifest.xml:30:13-36
84            android:launchMode="singleTask"
84-->[com.google.firebase:firebase-auth:21.0.1] AndroidManifest.xml:31:13-44
85            android:theme="@android:style/Theme.Translucent.NoTitleBar" >
85-->[com.google.firebase:firebase-auth:21.0.1] AndroidManifest.xml:32:13-72
86            <intent-filter>
86-->[com.google.firebase:firebase-auth:21.0.1] AndroidManifest.xml:33:13-43:29
87                <action android:name="android.intent.action.VIEW" />
87-->[com.google.firebase:firebase-auth:21.0.1] AndroidManifest.xml:34:17-69
87-->[com.google.firebase:firebase-auth:21.0.1] AndroidManifest.xml:34:25-66
88
89                <category android:name="android.intent.category.DEFAULT" />
89-->[com.google.firebase:firebase-auth:21.0.1] AndroidManifest.xml:36:17-76
89-->[com.google.firebase:firebase-auth:21.0.1] AndroidManifest.xml:36:27-73
90                <category android:name="android.intent.category.BROWSABLE" />
90-->[com.google.firebase:firebase-auth:21.0.1] AndroidManifest.xml:37:17-78
90-->[com.google.firebase:firebase-auth:21.0.1] AndroidManifest.xml:37:27-75
91
92                <data
92-->[com.google.firebase:firebase-auth:21.0.1] AndroidManifest.xml:39:17-42:51
93                    android:host="firebase.auth"
93-->[com.google.firebase:firebase-auth:21.0.1] AndroidManifest.xml:40:21-49
94                    android:path="/"
94-->[com.google.firebase:firebase-auth:21.0.1] AndroidManifest.xml:41:21-37
95                    android:scheme="genericidp" />
95-->[com.google.firebase:firebase-auth:21.0.1] AndroidManifest.xml:42:21-48
96            </intent-filter>
97        </activity>
98        <activity
98-->[com.google.firebase:firebase-auth:21.0.1] AndroidManifest.xml:45:9-62:20
99            android:name="com.google.firebase.auth.internal.RecaptchaActivity"
99-->[com.google.firebase:firebase-auth:21.0.1] AndroidManifest.xml:46:13-79
100            android:excludeFromRecents="true"
100-->[com.google.firebase:firebase-auth:21.0.1] AndroidManifest.xml:47:13-46
101            android:exported="true"
101-->[com.google.firebase:firebase-auth:21.0.1] AndroidManifest.xml:48:13-36
102            android:launchMode="singleTask"
102-->[com.google.firebase:firebase-auth:21.0.1] AndroidManifest.xml:49:13-44
103            android:theme="@android:style/Theme.Translucent.NoTitleBar" >
103-->[com.google.firebase:firebase-auth:21.0.1] AndroidManifest.xml:50:13-72
104            <intent-filter>
104-->[com.google.firebase:firebase-auth:21.0.1] AndroidManifest.xml:51:13-61:29
105                <action android:name="android.intent.action.VIEW" />
105-->[com.google.firebase:firebase-auth:21.0.1] AndroidManifest.xml:34:17-69
105-->[com.google.firebase:firebase-auth:21.0.1] AndroidManifest.xml:34:25-66
106
107                <category android:name="android.intent.category.DEFAULT" />
107-->[com.google.firebase:firebase-auth:21.0.1] AndroidManifest.xml:36:17-76
107-->[com.google.firebase:firebase-auth:21.0.1] AndroidManifest.xml:36:27-73
108                <category android:name="android.intent.category.BROWSABLE" />
108-->[com.google.firebase:firebase-auth:21.0.1] AndroidManifest.xml:37:17-78
108-->[com.google.firebase:firebase-auth:21.0.1] AndroidManifest.xml:37:27-75
109
110                <data
110-->[com.google.firebase:firebase-auth:21.0.1] AndroidManifest.xml:39:17-42:51
111                    android:host="firebase.auth"
111-->[com.google.firebase:firebase-auth:21.0.1] AndroidManifest.xml:40:21-49
112                    android:path="/"
112-->[com.google.firebase:firebase-auth:21.0.1] AndroidManifest.xml:41:21-37
113                    android:scheme="recaptcha" />
113-->[com.google.firebase:firebase-auth:21.0.1] AndroidManifest.xml:42:21-48
114            </intent-filter>
115        </activity>
116
117        <service
117-->[com.google.firebase:firebase-auth:21.0.1] AndroidManifest.xml:64:9-73:19
118            android:name="com.google.firebase.auth.api.fallback.service.FirebaseAuthFallbackService"
118-->[com.google.firebase:firebase-auth:21.0.1] AndroidManifest.xml:65:13-101
119            android:enabled="true"
119-->[com.google.firebase:firebase-auth:21.0.1] AndroidManifest.xml:66:13-35
120            android:exported="false" >
120-->[com.google.firebase:firebase-auth:21.0.1] AndroidManifest.xml:67:13-37
121            <intent-filter>
121-->[com.google.firebase:firebase-auth:21.0.1] AndroidManifest.xml:68:13-72:29
122                <action android:name="com.google.firebase.auth.api.gms.service.START" />
122-->[com.google.firebase:firebase-auth:21.0.1] AndroidManifest.xml:69:17-89
122-->[com.google.firebase:firebase-auth:21.0.1] AndroidManifest.xml:69:25-86
123
124                <category android:name="android.intent.category.DEFAULT" />
124-->[com.google.firebase:firebase-auth:21.0.1] AndroidManifest.xml:36:17-76
124-->[com.google.firebase:firebase-auth:21.0.1] AndroidManifest.xml:36:27-73
125            </intent-filter>
126        </service>
127
128        <provider
128-->[com.google.firebase:firebase-common:20.0.0] AndroidManifest.xml:26:9-31:39
129            android:name="com.google.firebase.provider.FirebaseInitProvider"
129-->[com.google.firebase:firebase-common:20.0.0] AndroidManifest.xml:27:13-77
130            android:authorities="com.example.do_login.firebaseinitprovider"
130-->[com.google.firebase:firebase-common:20.0.0] AndroidManifest.xml:28:13-72
131            android:directBootAware="true"
131-->[com.google.firebase:firebase-common:20.0.0] AndroidManifest.xml:29:13-43
132            android:exported="false"
132-->[com.google.firebase:firebase-common:20.0.0] AndroidManifest.xml:30:13-37
133            android:initOrder="100" />
133-->[com.google.firebase:firebase-common:20.0.0] AndroidManifest.xml:31:13-36
134
135        <activity
135-->[com.google.android.gms:play-services-base:17.4.0] AndroidManifest.xml:23:9-26:75
136            android:name="com.google.android.gms.common.api.GoogleApiActivity"
136-->[com.google.android.gms:play-services-base:17.4.0] AndroidManifest.xml:24:13-79
137            android:exported="false"
137-->[com.google.android.gms:play-services-base:17.4.0] AndroidManifest.xml:25:13-37
138            android:theme="@android:style/Theme.Translucent.NoTitleBar" />
138-->[com.google.android.gms:play-services-base:17.4.0] AndroidManifest.xml:26:13-72
139
140        <meta-data
140-->[com.google.android.gms:play-services-basement:17.4.0] AndroidManifest.xml:23:9-25:69
141            android:name="com.google.android.gms.version"
141-->[com.google.android.gms:play-services-basement:17.4.0] AndroidManifest.xml:24:13-58
142            android:value="@integer/google_play_services_version" />
142-->[com.google.android.gms:play-services-basement:17.4.0] AndroidManifest.xml:25:13-66
143    </application>
144
145</manifest>